[2025-07-02T14:32:13.322116Z]     "type": "confirm_order",
[2025-07-02T14:32:13.322112Z]   "command": {{
[2025-07-02T14:32:13.322107Z]   "text": "???????! ??? ????? ??????????? ? ???????? ? ?????????! ?",
[2025-07-02T14:32:13.322098Z] ```json
[2025-07-02T14:32:13.322063Z]   "command": {{
[2025-07-02T14:32:13.322059Z]   "text": "???????! ???????? ??? ????? ?????? 'Spirit ?'. ????? ?? ?????????",
[2025-07-02T14:32:13.322050Z] ```json
[2025-07-02T14:32:13.322027Z]     "type": "send_catalog"
[2025-07-02T14:32:13.322016Z]   "command": {{
[2025-07-02T14:32:13.322012Z]   "text": "?????? ?????? ??? ?????? ????? ???????? ? ??????????? ? ?????????!",
[2025-07-02T14:32:13.322002Z] ```json
[2025-07-02T14:32:13.321956Z]   "text": "?????? ????! ?????? ?????????? ??? ??????? ??????? ?"
[2025-07-02T14:32:13.321945Z] ```json
[2025-07-02T14:32:13.321932Z] ??????????? ??????? JSON:
[2025-07-02T14:32:13.321844Z] ??? ??????? `confirm_order` ?? ??????????? ?????? ???????? ??? ?????? ?????? ? ???????:
[2025-07-02T14:32:13.321739Z] 2. ?????? ??????????? ?? ??????? -> ????? ??????? ??????? (??????? send_catalog)
[2025-07-02T14:32:13.321719Z] - `confirm_order` - ??????????? ????? ? ????????? ? LINE
[2025-07-02T14:32:13.321708Z] - `send_catalog` - ????????? ??????? ?????? (?????? ????? ????????? ?????????? ? ?????????)
[2025-07-02T14:32:13.321697Z] ?????: ???? ???????????? ??????????? ?? ??????? (????? '??', '????', '???????', '???????? ??????', '?????? ???????', '?????? ??????'), ?? ?????? ????? ????????? ??????? send_catalog (??? ????????????? ?????????).
[2025-07-02T14:32:13.321610Z] ????????: ?????? ???? ????? ?????? ???? ? JSON ???????! ??????? ?? ??????? ??????? ???????!
[2025-07-02T14:32:13.321604Z] ??????????? ???????: ?????? ??????? ? ??????? JSON ? ????? "text" (????? ??? ????????????) ? ????? "command" (??????? ??? ??????????). ???? ??????? ?? ????????? ? ???? command ?????? ???? null ??? ?????????????!
[2025-07-02T14:31:58.337366Z] INFO:src.json_processor:[JSON_PROCESSOR] JSON ????????? ?? ??????? #1
[2025-07-02T14:31:58.337222Z] INFO:src.json_processor:[JSON_PROCESSOR] AI ??????? ??? ???????????: ```json
[2025-07-02T14:31:56.714699Z] INFO:src.json_processor:[JSON_PROCESSOR] ??????? ??????????? #1
[2025-07-02T14:31:56.714627Z] WARNING:src.json_processor:[JSON_PROCESSOR] JSON ????????????, ???????? ????????? ????? AI
[2025-07-02T14:31:56.714513Z] INFO:src.json_processor:[JSON_PROCESSOR] ????????? ?????? AI, ?????: 88
[2025-07-02T14:31:56.714293Z]                 "text": "\u041e\u0442\u043b\u0438\u0447\u043d\u043e! \u042f \u043f\u043e\u043d\u044f\u043b\u0430, \u0432\u044b \u0432\u044b\u0431\u0440\u0430\u043b\u0438 \u0431\u0443\u043a\u0435\u0442 'Good vibes'. \u041d\u0443\u0436\u043d\u0430 \u043b\u0438 \u0434\u043e\u0441\u0442\u0430\u0432\u043a\u0430? \u0415\u0441\u043b\u0438 \u0434\u0430, \u0442\u043e \u043a\u0443\u0434\u0430? \ud83c\udf38"
[2025-07-02T14:31:53.380254Z] ????????? ???????????: ?????? ???? ????? ?????? ?????????? ? { ? ????????????? }. ??????? ?? ??????? ??????? ??????? ??? JSON ???????!
[2025-07-02T14:31:53.380230Z]     "card_text": "? ???????!",
[2025-07-02T14:31:53.380181Z]     "type": "confirm_order",
[2025-07-02T14:31:53.380178Z]   "command": {{
[2025-07-02T14:31:53.380175Z]   "text": "???????! ??? ????? ??????????? ? ???????? ? ?????????! ?",
[2025-07-02T14:31:53.380168Z] ```json
[2025-07-02T14:31:53.380140Z]   "command": {{
[2025-07-02T14:31:53.380116Z]   "text": "???????! ???????? ??? ????? ?????? 'Spirit ?'. ????? ?? ?????????",
[2025-07-02T14:31:53.380108Z] ```json
[2025-07-02T14:31:53.380091Z]     "type": "send_catalog"
[2025-07-02T14:31:53.380088Z]   "command": {{
[2025-07-02T14:31:53.380085Z]   "text": "?????? ?????? ??? ?????? ????? ???????? ? ??????????? ? ?????????!",
[2025-07-02T14:31:53.380079Z] ```json
[2025-07-02T14:31:53.380067Z]   "text": "?????? ????! ?????? ?????????? ??? ??????? ??????? ?"
[2025-07-02T14:31:53.380059Z] ```json
[2025-07-02T14:31:53.380051Z] ??????????? ??????? JSON:
[2025-07-02T14:31:53.379960Z] ??? ??????? `confirm_order` ?? ??????????? ?????? ???????? ??? ?????? ?????? ? ???????:
[2025-07-02T14:31:53.379861Z] 2. ?????? ??????????? ?? ??????? -> ????? ??????? ??????? (??????? send_catalog)
[2025-07-02T14:31:53.379849Z] - `confirm_order` - ??????????? ????? ? ????????? ? LINE
[2025-07-02T14:31:53.379843Z] - `send_catalog` - ????????? ??????? ?????? (?????? ????? ????????? ?????????? ? ?????????)
[2025-07-02T14:31:53.379836Z] ?????: ???? ???????????? ??????????? ?? ??????? (????? '??', '????', '???????', '???????? ??????', '?????? ???????', '?????? ??????'), ?? ?????? ????? ????????? ??????? send_catalog (??? ????????????? ?????????).
[2025-07-02T14:31:53.379740Z] ????????: ?????? ???? ????? ?????? ???? ? JSON ???????! ??????? ?? ??????? ??????? ???????!
[2025-07-02T14:31:53.379736Z] ??????????? ???????: ?????? ??????? ? ??????? JSON ? ????? "text" (????? ??? ????????????) ? ????? "command" (??????? ??? ??????????). ???? ??????? ?? ????????? ? ???? command ?????? ???? null ??? ?????????????!
[2025-07-02T14:31:36.409161Z] INFO:src.json_processor:[JSON_PROCESSOR] JSON ??????? ???????? ????????
[2025-07-02T14:31:36.408752Z] INFO:src.json_processor:[JSON_PROCESSOR] ????????? ?????? AI, ?????: 188
[2025-07-02T14:31:36.408351Z] INFO:src.ai_manager:[PARSE_RESPONSE] Processing AI response: {"text": "???????! ???????? ??? ????? ?????? 'Good vibes?'. ????? ?? ????????? ???? ??, ?? ?????", "...
[2025-07-02T14:31:36.408097Z]                 "text": "{\"text\": \"\u041e\u0442\u043b\u0438\u0447\u043d\u043e! \u0417\u0430\u043f\u0438\u0441\u0430\u043b\u0430 \u0432\u0430\u0448 \u0432\u044b\u0431\u043e\u0440 \u0431\u0443\u043a\u0435\u0442\u0430 'Good vibes\ud83c\udf38'. \u041d\u0443\u0436\u043d\u0430 \u043b\u0438 \u0434\u043e\u0441\u0442\u0430\u0432\u043a\u0430? \u0415\u0441\u043b\u0438 \u0434\u0430, \u0442\u043e \u043a\u0443\u0434\u0430?\", \"command\": {\"type\": \"save_order_info\", \"bouquet\": \"Good vibes\ud83c\udf38\", \"retailer_id\": \"gv_id\"}}"
[2025-07-02T14:31:24.740786Z] ????????? ???????????: ?????? ???? ????? ?????? ?????????? ? { ? ????????????? }. ??????? ?? ??????? ??????? ??????? ??? JSON ???????!
[2025-07-02T14:31:24.740766Z]     "card_text": "? ???????!",
[2025-07-02T14:31:24.740713Z]     "type": "confirm_order",
[2025-07-02T14:31:24.740699Z]   "command": {{
[2025-07-02T14:31:24.740697Z]   "text": "???????! ??? ????? ??????????? ? ???????? ? ?????????! ?",
[2025-07-02T14:31:24.740691Z] ```json
[2025-07-02T14:31:24.740667Z]   "command": {{
[2025-07-02T14:31:24.740663Z]   "text": "???????! ???????? ??? ????? ?????? 'Spirit ?'. ????? ?? ?????????",
[2025-07-02T14:31:24.740656Z] ```json
[2025-07-02T14:31:24.740599Z]     "type": "send_catalog"
[2025-07-02T14:31:24.740594Z]   "command": {{
[2025-07-02T14:31:24.740591Z]   "text": "?????? ?????? ??? ?????? ????? ???????? ? ??????????? ? ?????????!",
[2025-07-02T14:31:24.740581Z] ```json
[2025-07-02T14:31:24.740503Z]   "text": "?????? ????! ?????? ?????????? ??? ??????? ??????? ?"
[2025-07-02T14:31:24.740475Z] ```json
[2025-07-02T14:31:24.740468Z] ??????????? ??????? JSON:
[2025-07-02T14:31:24.740402Z] ??? ??????? `confirm_order` ?? ??????????? ?????? ???????? ??? ?????? ?????? ? ???????:
[2025-07-02T14:31:24.740313Z] 2. ?????? ??????????? ?? ??????? -> ????? ??????? ??????? (??????? send_catalog)
[2025-07-02T14:31:24.740298Z] - `confirm_order` - ??????????? ????? ? ????????? ? LINE
[2025-07-02T14:31:24.740283Z] - `send_catalog` - ????????? ??????? ?????? (?????? ????? ????????? ?????????? ? ?????????)
[2025-07-02T14:31:24.740273Z] ?????: ???? ???????????? ??????????? ?? ??????? (????? '??', '????', '???????', '???????? ??????', '?????? ???????', '?????? ??????'), ?? ?????? ????? ????????? ??????? send_catalog (??? ????????????? ?????????).
[2025-07-02T14:31:24.740184Z] ????????: ?????? ???? ????? ?????? ???? ? JSON ???????! ??????? ?? ??????? ??????? ???????!
[2025-07-02T14:31:24.740153Z] ??????????? ???????: ?????? ??????? ? ??????? JSON ? ????? "text" (????? ??? ????????????) ? ????? "command" (??????? ??? ??????????). ???? ??????? ?? ????????? ? ???? command ?????? ???? null ??? ?????????????!
[2025-07-02T14:30:57.538793Z] INFO:src.command_handler:[COMMAND_LOG] Command 'send_catalog' result: {'status': 'success', 'action': 'catalog_sent'}
[2025-07-02T14:30:52.682194Z] INFO:src.command_handler:Executing 'send_catalog' command for session 79140775712_20250702-182837
[2025-07-02T14:30:52.682147Z] INFO:src.command_handler:[COMMAND_LOG] Processing command: {'type': 'send_catalog'}
[2025-07-02T14:30:52.682087Z] INFO:src.command_handler:[COMMAND_LOG] Command received: {'type': 'send_catalog'}
[2025-07-02T14:30:52.681904Z] INFO:src.webhook_handlers:[AI_DEBUG] Command: {'type': 'send_catalog'}
[2025-07-02T14:30:52.681763Z] INFO:src.ai_manager:AI response for 79140775712_20250702-182837: Text='?????? ?????? ??? ?????? ????? ???????? ? ??????????? ? ?????????!', Command={'type': 'send_catalog'}
[2025-07-02T14:30:52.681721Z] INFO:src.ai_manager:[PARSE_RESPONSE] Result: text='?????? ?????? ??? ?????? ????? ???????? ? ??????????? ? ?????????!', command={'type': 'send_catalog'}
[2025-07-02T14:30:52.681635Z] INFO:src.json_processor:[JSON_PROCESSOR] JSON ??????? ???????? ????????
[2025-07-02T14:30:52.681468Z] INFO:src.json_processor:[JSON_PROCESSOR] ????????? ?????? AI, ?????: 115
[2025-07-02T14:30:52.681416Z] INFO:src.ai_manager:[PARSE_RESPONSE] Processing AI response: {"text": "?????? ?????? ??? ?????? ????? ???????? ? ??????????? ? ?????????!", "command": {"type": "...
[2025-07-02T14:30:52.681304Z]                 "text": "{\"text\": \"\u0421\u0435\u0439\u0447\u0430\u0441 \u043f\u043e\u043a\u0430\u0436\u0443 \u0432\u0430\u043c \u043a\u0430\u0436\u0434\u044b\u0439 \u0431\u0443\u043a\u0435\u0442 \u043e\u0442\u0434\u0435\u043b\u044c\u043d\u043e \u0441 \u0444\u043e\u0442\u043e\u0433\u0440\u0430\u0444\u0438\u0435\u0439 \u0438 \u043e\u043f\u0438\u0441\u0430\u043d\u0438\u0435\u043c!\", \"command\": {\"type\": \"send_catalog\"}}"
[2025-07-02T14:30:51.870735Z] ????????? ???????????: ?????? ???? ????? ?????? ?????????? ? { ? ????????????? }. ??????? ?? ??????? ??????? ??????? ??? JSON ???????!
[2025-07-02T14:30:51.870702Z]     "card_text": "? ???????!",
[2025-07-02T14:30:51.870669Z]     "type": "confirm_order",
[2025-07-02T14:30:51.870665Z]   "command": {{
[2025-07-02T14:30:51.870661Z]   "text": "???????! ??? ????? ??????????? ? ???????? ? ?????????! ?",
[2025-07-02T14:30:51.870651Z] ```json
[2025-07-02T14:30:51.870615Z]   "command": {{
[2025-07-02T14:30:51.870611Z]   "text": "???????! ???????? ??? ????? ?????? 'Spirit ?'. ????? ?? ?????????",
[2025-07-02T14:30:51.870602Z] ```json
[2025-07-02T14:30:51.870581Z]     "type": "send_catalog"
[2025-07-02T14:30:51.870576Z]   "command": {{
[2025-07-02T14:30:51.870572Z]   "text": "?????? ?????? ??? ?????? ????? ???????? ? ??????????? ? ?????????!",
